<?xml version="1.0" encoding="UTF-8"?>
<!-- Generated by org.testng.reporters.JUnitReportReporter -->
<testsuite hostname="DESKTOP-TPI7KOG" failures="0" tests="1" name="com.Amazon.EndToEndScenario" time="22.386" errors="0" timestamp="2024-01-24T15:43:04 IST" skipped="0">
  <testcase classname="com.Amazon.EndToEndScenario" name="addToCartPage" time="22.386"/>
</testsuite> <!-- com.Amazon.EndToEndScenario -->
